<?xml version="1.0" encoding="UTF-8" ?>
<testsuite tests="15" failures="0" name="br.edmos.cucumber.RunCucumberTest" time="0.036" errors="0" skipped="14">
  <properties>
[...]
</properties>
  <testcase classname="Gerenciamento de dados de Pessoa Física" name="O operador deseja validar o CPF de uma Pessoa Física" time="0.012">
    <skipped/>
    <system-out>@cadastro-pessoa-fisica
Funcionalidade: Gerenciamento de dados de Pessoa Física
  I want to use this template for my feature file

  @validarCPF
  Esquema do Cenário: O operador deseja validar o CPF de uma Pessoa Física &amp;#27;[90m# br/edmos/cucumber/pessoa-fisica.feature:25&amp;#27;[0m
    &amp;#27;[36mDado Operador precisa garantir que o CPF é válido&amp;#27;[0m
    &amp;#27;[36mQuando informar o &lt;CPF&gt;&amp;#27;[0m
    &amp;#27;[36mEntão Confirma que CPF é &lt;válido&gt;&amp;#27;[0m

    Exemplos: 

  @cadastro-pessoa-fisica @validarCPF
  Esquema do Cenário: O operador deseja validar o CPF de uma Pessoa Física &amp;#27;[90m# br/edmos/cucumber/pessoa-fisica.feature:31&amp;#27;[0m
    &amp;#27;[32mDado &amp;#27;[0m&amp;#27;[32mOperador precisa garantir que o CPF é válido&amp;#27;[0m                      &amp;#27;[90m# Stepdefs.operador_precisa_garantir_que_o_CPF_é_válido()&amp;#27;[0m
    &amp;#27;[33mQuando &amp;#27;[0m&amp;#27;[33minformar o &amp;#27;[0m&amp;#27;[33m&amp;#27;[1m&quot;00000000000&quot;&amp;#27;[0m                                        &amp;#27;[90m# CadastroPessoaStepdefs.informar_o(String)&amp;#27;[0m
      &amp;#27;[33mcucumber.api.PendingException: TODO: implement me
	at br.edmos.cucumber.CadastroPessoaStepdefs.informar_o(CadastroPessoaStepdefs.java:11)
	at ?.informar o &quot;00000000000&quot;(classpath:br/edmos/cucumber/pessoa-fisica.feature:27)
&amp;#27;[0m
    &amp;#27;[36mEntão &amp;#27;[0m&amp;#27;[36mConfirma que CPF é &amp;#27;[0m&amp;#27;[36m&amp;#27;[1m&quot;inválido&quot;&amp;#27;[0m                                    &amp;#27;[90m# Stepdefs.confirma_que_CPF_é(String)&amp;#27;[0m
</system-out>
  </testcase>
  <testcase classname="Gerenciamento de dados de Pessoa Física" name="O operador deseja validar o CPF de uma Pessoa Física" time="0.001">
    <skipped/>
    <system-out>
  @cadastro-pessoa-fisica @validarCPF
  Esquema do Cenário: O operador deseja validar o CPF de uma Pessoa Física &amp;#27;[90m# br/edmos/cucumber/pessoa-fisica.feature:32&amp;#27;[0m
    &amp;#27;[32mDado &amp;#27;[0m&amp;#27;[32mOperador precisa garantir que o CPF é válido&amp;#27;[0m                      &amp;#27;[90m# Stepdefs.operador_precisa_garantir_que_o_CPF_é_válido()&amp;#27;[0m
    &amp;#27;[33mQuando &amp;#27;[0m&amp;#27;[33minformar o &amp;#27;[0m&amp;#27;[33m&amp;#27;[1m&quot;11111111111&quot;&amp;#27;[0m                                        &amp;#27;[90m# CadastroPessoaStepdefs.informar_o(String)&amp;#27;[0m
      &amp;#27;[33mcucumber.api.PendingException: TODO: implement me
	at br.edmos.cucumber.CadastroPessoaStepdefs.informar_o(CadastroPessoaStepdefs.java:11)
	at ?.informar o &quot;11111111111&quot;(classpath:br/edmos/cucumber/pessoa-fisica.feature:27)
&amp;#27;[0m
    &amp;#27;[36mEntão &amp;#27;[0m&amp;#27;[36mConfirma que CPF é &amp;#27;[0m&amp;#27;[36m&amp;#27;[1m&quot;inválido&quot;&amp;#27;[0m                                    &amp;#27;[90m# Stepdefs.confirma_que_CPF_é(String)&amp;#27;[0m
</system-out>
  </testcase>
  <testcase classname="Gerenciamento de dados de Pessoa Física" name="O operador deseja validar o CPF de uma Pessoa Física" time="0.002">
    <skipped/>
    <system-out>
  @cadastro-pessoa-fisica @validarCPF
  Esquema do Cenário: O operador deseja validar o CPF de uma Pessoa Física &amp;#27;[90m# br/edmos/cucumber/pessoa-fisica.feature:33&amp;#27;[0m
    &amp;#27;[32mDado &amp;#27;[0m&amp;#27;[32mOperador precisa garantir que o CPF é válido&amp;#27;[0m                      &amp;#27;[90m# Stepdefs.operador_precisa_garantir_que_o_CPF_é_válido()&amp;#27;[0m
    &amp;#27;[33mQuando &amp;#27;[0m&amp;#27;[33minformar o &amp;#27;[0m&amp;#27;[33m&amp;#27;[1m&quot;22222222222&quot;&amp;#27;[0m                                        &amp;#27;[90m# CadastroPessoaStepdefs.informar_o(String)&amp;#27;[0m
      &amp;#27;[33mcucumber.api.PendingException: TODO: implement me
	at br.edmos.cucumber.CadastroPessoaStepdefs.informar_o(CadastroPessoaStepdefs.java:11)
	at ?.informar o &quot;22222222222&quot;(classpath:br/edmos/cucumber/pessoa-fisica.feature:27)
&amp;#27;[0m
    &amp;#27;[36mEntão &amp;#27;[0m&amp;#27;[36mConfirma que CPF é &amp;#27;[0m&amp;#27;[36m&amp;#27;[1m&quot;inválido&quot;&amp;#27;[0m                                    &amp;#27;[90m# Stepdefs.confirma_que_CPF_é(String)&amp;#27;[0m
</system-out>
  </testcase>
  <testcase classname="Gerenciamento de dados de Pessoa Física" name="O operador deseja validar o CPF de uma Pessoa Física" time="0.002">
    <skipped/>
    <system-out>
  @cadastro-pessoa-fisica @validarCPF
  Esquema do Cenário: O operador deseja validar o CPF de uma Pessoa Física &amp;#27;[90m# br/edmos/cucumber/pessoa-fisica.feature:34&amp;#27;[0m
    &amp;#27;[32mDado &amp;#27;[0m&amp;#27;[32mOperador precisa garantir que o CPF é válido&amp;#27;[0m                      &amp;#27;[90m# Stepdefs.operador_precisa_garantir_que_o_CPF_é_válido()&amp;#27;[0m
    &amp;#27;[33mQuando &amp;#27;[0m&amp;#27;[33minformar o &amp;#27;[0m&amp;#27;[33m&amp;#27;[1m&quot;33333333333&quot;&amp;#27;[0m                                        &amp;#27;[90m# CadastroPessoaStepdefs.informar_o(String)&amp;#27;[0m
      &amp;#27;[33mcucumber.api.PendingException: TODO: implement me
	at br.edmos.cucumber.CadastroPessoaStepdefs.informar_o(CadastroPessoaStepdefs.java:11)
	at ?.informar o &quot;33333333333&quot;(classpath:br/edmos/cucumber/pessoa-fisica.feature:27)
&amp;#27;[0m
    &amp;#27;[36mEntão &amp;#27;[0m&amp;#27;[36mConfirma que CPF é &amp;#27;[0m&amp;#27;[36m&amp;#27;[1m&quot;inválido&quot;&amp;#27;[0m                                    &amp;#27;[90m# Stepdefs.confirma_que_CPF_é(String)&amp;#27;[0m
</system-out>
  </testcase>
  <testcase classname="Gerenciamento de dados de Pessoa Física" name="O operador deseja validar o CPF de uma Pessoa Física" time="0.003">
    <skipped/>
    <system-out>
  @cadastro-pessoa-fisica @validarCPF
  Esquema do Cenário: O operador deseja validar o CPF de uma Pessoa Física &amp;#27;[90m# br/edmos/cucumber/pessoa-fisica.feature:35&amp;#27;[0m
    &amp;#27;[32mDado &amp;#27;[0m&amp;#27;[32mOperador precisa garantir que o CPF é válido&amp;#27;[0m                      &amp;#27;[90m# Stepdefs.operador_precisa_garantir_que_o_CPF_é_válido()&amp;#27;[0m
    &amp;#27;[33mQuando &amp;#27;[0m&amp;#27;[33minformar o &amp;#27;[0m&amp;#27;[33m&amp;#27;[1m&quot;44444444444&quot;&amp;#27;[0m                                        &amp;#27;[90m# CadastroPessoaStepdefs.informar_o(String)&amp;#27;[0m
      &amp;#27;[33mcucumber.api.PendingException: TODO: implement me
	at br.edmos.cucumber.CadastroPessoaStepdefs.informar_o(CadastroPessoaStepdefs.java:11)
	at ?.informar o &quot;44444444444&quot;(classpath:br/edmos/cucumber/pessoa-fisica.feature:27)
&amp;#27;[0m
    &amp;#27;[36mEntão &amp;#27;[0m&amp;#27;[36mConfirma que CPF é &amp;#27;[0m&amp;#27;[36m&amp;#27;[1m&quot;inválido&quot;&amp;#27;[0m                                    &amp;#27;[90m# Stepdefs.confirma_que_CPF_é(String)&amp;#27;[0m
</system-out>
  </testcase>
  <testcase classname="Gerenciamento de dados de Pessoa Física" name="O operador deseja validar o CPF de uma Pessoa Física" time="0.002">
    <skipped/>
    <system-out>
  @cadastro-pessoa-fisica @validarCPF
  Esquema do Cenário: O operador deseja validar o CPF de uma Pessoa Física &amp;#27;[90m# br/edmos/cucumber/pessoa-fisica.feature:36&amp;#27;[0m
    &amp;#27;[32mDado &amp;#27;[0m&amp;#27;[32mOperador precisa garantir que o CPF é válido&amp;#27;[0m                      &amp;#27;[90m# Stepdefs.operador_precisa_garantir_que_o_CPF_é_válido()&amp;#27;[0m
    &amp;#27;[33mQuando &amp;#27;[0m&amp;#27;[33minformar o &amp;#27;[0m&amp;#27;[33m&amp;#27;[1m&quot;55555555555&quot;&amp;#27;[0m                                        &amp;#27;[90m# CadastroPessoaStepdefs.informar_o(String)&amp;#27;[0m
      &amp;#27;[33mcucumber.api.PendingException: TODO: implement me
	at br.edmos.cucumber.CadastroPessoaStepdefs.informar_o(CadastroPessoaStepdefs.java:11)
	at ?.informar o &quot;55555555555&quot;(classpath:br/edmos/cucumber/pessoa-fisica.feature:27)
&amp;#27;[0m
    &amp;#27;[36mEntão &amp;#27;[0m&amp;#27;[36mConfirma que CPF é &amp;#27;[0m&amp;#27;[36m&amp;#27;[1m&quot;inválido&quot;&amp;#27;[0m                                    &amp;#27;[90m# Stepdefs.confirma_que_CPF_é(String)&amp;#27;[0m
</system-out>
  </testcase>
  <testcase classname="Gerenciamento de dados de Pessoa Física" name="O operador deseja validar o CPF de uma Pessoa Física" time="0.002">
    <skipped/>
    <system-out>
  @cadastro-pessoa-fisica @validarCPF
  Esquema do Cenário: O operador deseja validar o CPF de uma Pessoa Física &amp;#27;[90m# br/edmos/cucumber/pessoa-fisica.feature:37&amp;#27;[0m
    &amp;#27;[32mDado &amp;#27;[0m&amp;#27;[32mOperador precisa garantir que o CPF é válido&amp;#27;[0m                      &amp;#27;[90m# Stepdefs.operador_precisa_garantir_que_o_CPF_é_válido()&amp;#27;[0m
    &amp;#27;[33mQuando &amp;#27;[0m&amp;#27;[33minformar o &amp;#27;[0m&amp;#27;[33m&amp;#27;[1m&quot;66666666666&quot;&amp;#27;[0m                                        &amp;#27;[90m# CadastroPessoaStepdefs.informar_o(String)&amp;#27;[0m
      &amp;#27;[33mcucumber.api.PendingException: TODO: implement me
	at br.edmos.cucumber.CadastroPessoaStepdefs.informar_o(CadastroPessoaStepdefs.java:11)
	at ?.informar o &quot;66666666666&quot;(classpath:br/edmos/cucumber/pessoa-fisica.feature:27)
&amp;#27;[0m
    &amp;#27;[36mEntão &amp;#27;[0m&amp;#27;[36mConfirma que CPF é &amp;#27;[0m&amp;#27;[36m&amp;#27;[1m&quot;inválido&quot;&amp;#27;[0m                                    &amp;#27;[90m# Stepdefs.confirma_que_CPF_é(String)&amp;#27;[0m
</system-out>
  </testcase>
  <testcase classname="Gerenciamento de dados de Pessoa Física" name="O operador deseja validar o CPF de uma Pessoa Física" time="0.002">
    <skipped/>
    <system-out>
  @cadastro-pessoa-fisica @validarCPF
  Esquema do Cenário: O operador deseja validar o CPF de uma Pessoa Física &amp;#27;[90m# br/edmos/cucumber/pessoa-fisica.feature:38&amp;#27;[0m
    &amp;#27;[32mDado &amp;#27;[0m&amp;#27;[32mOperador precisa garantir que o CPF é válido&amp;#27;[0m                      &amp;#27;[90m# Stepdefs.operador_precisa_garantir_que_o_CPF_é_válido()&amp;#27;[0m
    &amp;#27;[33mQuando &amp;#27;[0m&amp;#27;[33minformar o &amp;#27;[0m&amp;#27;[33m&amp;#27;[1m&quot;77777777777&quot;&amp;#27;[0m                                        &amp;#27;[90m# CadastroPessoaStepdefs.informar_o(String)&amp;#27;[0m
      &amp;#27;[33mcucumber.api.PendingException: TODO: implement me
	at br.edmos.cucumber.CadastroPessoaStepdefs.informar_o(CadastroPessoaStepdefs.java:11)
	at ?.informar o &quot;77777777777&quot;(classpath:br/edmos/cucumber/pessoa-fisica.feature:27)
&amp;#27;[0m
    &amp;#27;[36mEntão &amp;#27;[0m&amp;#27;[36mConfirma que CPF é &amp;#27;[0m&amp;#27;[36m&amp;#27;[1m&quot;inválido&quot;&amp;#27;[0m                                    &amp;#27;[90m# Stepdefs.confirma_que_CPF_é(String)&amp;#27;[0m
</system-out>
  </testcase>
  <testcase classname="Gerenciamento de dados de Pessoa Física" name="O operador deseja validar o CPF de uma Pessoa Física" time="0.001">
    <skipped/>
    <system-out>
  @cadastro-pessoa-fisica @validarCPF
  Esquema do Cenário: O operador deseja validar o CPF de uma Pessoa Física &amp;#27;[90m# br/edmos/cucumber/pessoa-fisica.feature:39&amp;#27;[0m
    &amp;#27;[32mDado &amp;#27;[0m&amp;#27;[32mOperador precisa garantir que o CPF é válido&amp;#27;[0m                      &amp;#27;[90m# Stepdefs.operador_precisa_garantir_que_o_CPF_é_válido()&amp;#27;[0m
    &amp;#27;[33mQuando &amp;#27;[0m&amp;#27;[33minformar o &amp;#27;[0m&amp;#27;[33m&amp;#27;[1m&quot;88888888888&quot;&amp;#27;[0m                                        &amp;#27;[90m# CadastroPessoaStepdefs.informar_o(String)&amp;#27;[0m
      &amp;#27;[33mcucumber.api.PendingException: TODO: implement me
	at br.edmos.cucumber.CadastroPessoaStepdefs.informar_o(CadastroPessoaStepdefs.java:11)
	at ?.informar o &quot;88888888888&quot;(classpath:br/edmos/cucumber/pessoa-fisica.feature:27)
&amp;#27;[0m
    &amp;#27;[36mEntão &amp;#27;[0m&amp;#27;[36mConfirma que CPF é &amp;#27;[0m&amp;#27;[36m&amp;#27;[1m&quot;inválido&quot;&amp;#27;[0m                                    &amp;#27;[90m# Stepdefs.confirma_que_CPF_é(String)&amp;#27;[0m
</system-out>
  </testcase>
  <testcase classname="Gerenciamento de dados de Pessoa Física" name="O operador deseja validar o CPF de uma Pessoa Física" time="0.002">
    <skipped/>
    <system-out>
  @cadastro-pessoa-fisica @validarCPF
  Esquema do Cenário: O operador deseja validar o CPF de uma Pessoa Física &amp;#27;[90m# br/edmos/cucumber/pessoa-fisica.feature:40&amp;#27;[0m
    &amp;#27;[32mDado &amp;#27;[0m&amp;#27;[32mOperador precisa garantir que o CPF é válido&amp;#27;[0m                      &amp;#27;[90m# Stepdefs.operador_precisa_garantir_que_o_CPF_é_válido()&amp;#27;[0m
    &amp;#27;[33mQuando &amp;#27;[0m&amp;#27;[33minformar o &amp;#27;[0m&amp;#27;[33m&amp;#27;[1m&quot;99999999999&quot;&amp;#27;[0m                                        &amp;#27;[90m# CadastroPessoaStepdefs.informar_o(String)&amp;#27;[0m
      &amp;#27;[33mcucumber.api.PendingException: TODO: implement me
	at br.edmos.cucumber.CadastroPessoaStepdefs.informar_o(CadastroPessoaStepdefs.java:11)
	at ?.informar o &quot;99999999999&quot;(classpath:br/edmos/cucumber/pessoa-fisica.feature:27)
&amp;#27;[0m
    &amp;#27;[36mEntão &amp;#27;[0m&amp;#27;[36mConfirma que CPF é &amp;#27;[0m&amp;#27;[36m&amp;#27;[1m&quot;inválido&quot;&amp;#27;[0m                                    &amp;#27;[90m# Stepdefs.confirma_que_CPF_é(String)&amp;#27;[0m
</system-out>
  </testcase>
  <testcase classname="Gerenciamento de dados de Pessoa Física" name="O operador deseja validar o CPF de uma Pessoa Física" time="0.002">
    <skipped/>
    <system-out>
  @cadastro-pessoa-fisica @validarCPF
  Esquema do Cenário: O operador deseja validar o CPF de uma Pessoa Física &amp;#27;[90m# br/edmos/cucumber/pessoa-fisica.feature:41&amp;#27;[0m
    &amp;#27;[32mDado &amp;#27;[0m&amp;#27;[32mOperador precisa garantir que o CPF é válido&amp;#27;[0m                      &amp;#27;[90m# Stepdefs.operador_precisa_garantir_que_o_CPF_é_válido()&amp;#27;[0m
    &amp;#27;[33mQuando &amp;#27;[0m&amp;#27;[33minformar o &amp;#27;[0m&amp;#27;[33m&amp;#27;[1m&quot;05408328716&quot;&amp;#27;[0m                                        &amp;#27;[90m# CadastroPessoaStepdefs.informar_o(String)&amp;#27;[0m
      &amp;#27;[33mcucumber.api.PendingException: TODO: implement me
	at br.edmos.cucumber.CadastroPessoaStepdefs.informar_o(CadastroPessoaStepdefs.java:11)
	at ?.informar o &quot;05408328716&quot;(classpath:br/edmos/cucumber/pessoa-fisica.feature:27)
&amp;#27;[0m
    &amp;#27;[36mEntão &amp;#27;[0m&amp;#27;[36mConfirma que CPF é &amp;#27;[0m&amp;#27;[36m&amp;#27;[1m&quot;válido&quot;&amp;#27;[0m                                      &amp;#27;[90m# Stepdefs.confirma_que_CPF_é(String)&amp;#27;[0m
</system-out>
  </testcase>
  <testcase classname="Gerenciamento de dados de Pessoa Física" name="O operador deseja validar o CPF de uma Pessoa Física" time="0.001">
    <skipped/>
    <system-out>
  @cadastro-pessoa-fisica @validarCPF
  Esquema do Cenário: O operador deseja validar o CPF de uma Pessoa Física &amp;#27;[90m# br/edmos/cucumber/pessoa-fisica.feature:42&amp;#27;[0m
    &amp;#27;[32mDado &amp;#27;[0m&amp;#27;[32mOperador precisa garantir que o CPF é válido&amp;#27;[0m                      &amp;#27;[90m# Stepdefs.operador_precisa_garantir_que_o_CPF_é_válido()&amp;#27;[0m
    &amp;#27;[33mQuando &amp;#27;[0m&amp;#27;[33minformar o &amp;#27;[0m&amp;#27;[33m&amp;#27;[1m&quot;05408328717&quot;&amp;#27;[0m                                        &amp;#27;[90m# CadastroPessoaStepdefs.informar_o(String)&amp;#27;[0m
      &amp;#27;[33mcucumber.api.PendingException: TODO: implement me
	at br.edmos.cucumber.CadastroPessoaStepdefs.informar_o(CadastroPessoaStepdefs.java:11)
	at ?.informar o &quot;05408328717&quot;(classpath:br/edmos/cucumber/pessoa-fisica.feature:27)
&amp;#27;[0m
    &amp;#27;[36mEntão &amp;#27;[0m&amp;#27;[36mConfirma que CPF é &amp;#27;[0m&amp;#27;[36m&amp;#27;[1m&quot;inválido&quot;&amp;#27;[0m                                    &amp;#27;[90m# Stepdefs.confirma_que_CPF_é(String)&amp;#27;[0m
</system-out>
  </testcase>
  <testcase classname="Gerenciamento de dados de Pessoa Física" name="Cadastrar o CPF, primeiro nome e sobrenome de uma Pessoa Física" time="0.002">
    <skipped/>
    <system-out>
  @cadastrarNovaPessoa
  Esquema do Cenário: Cadastrar o CPF, primeiro nome e sobrenome de uma Pessoa Física &amp;#27;[90m# br/edmos/cucumber/pessoa-fisica.feature:45&amp;#27;[0m
    &amp;#27;[36mDado Que o usuário informou o &lt;CPF&gt;&amp;#27;[0m
    &amp;#27;[36mE Que o usuário informou o &lt;primeiro nome&gt;&amp;#27;[0m
    &amp;#27;[36mE Que o usuário informou o &lt;sobrenome&gt; da Pessoa&amp;#27;[0m
    &amp;#27;[36mQuando o &lt;CPF&gt; da Pessoa não existir no cadastro&amp;#27;[0m
    &amp;#27;[36mE que o &lt;CPF&gt; é um CPF &lt;válido&gt;&amp;#27;[0m
    &amp;#27;[36mEntão Realiza o cadastro da Pessoa&amp;#27;[0m

    Exemplos: 

  @cadastro-pessoa-fisica @cadastrarNovaPessoa
  Esquema do Cenário: Cadastrar o CPF, primeiro nome e sobrenome de uma Pessoa Física &amp;#27;[90m# br/edmos/cucumber/pessoa-fisica.feature:54&amp;#27;[0m
    &amp;#27;[33mDado &amp;#27;[0m&amp;#27;[33mQue o usuário informou o &amp;#27;[0m&amp;#27;[33m&amp;#27;[1m&quot;00000000000&quot;&amp;#27;[0m                                       &amp;#27;[90m# CadastroPessoaStepdefs.que_o_usuário_informou_o(String)&amp;#27;[0m
      &amp;#27;[33mcucumber.api.PendingException: TODO: implement me
	at br.edmos.cucumber.CadastroPessoaStepdefs.que_o_usuário_informou_o(CadastroPessoaStepdefs.java:17)
	at ?.Que o usuário informou o &quot;00000000000&quot;(classpath:br/edmos/cucumber/pessoa-fisica.feature:46)
&amp;#27;[0m
    &amp;#27;[36mE &amp;#27;[0m&amp;#27;[36mQue o usuário informou o &amp;#27;[0m&amp;#27;[36m&amp;#27;[1m&quot;Eduardo&quot;&amp;#27;[0m                                              &amp;#27;[90m# CadastroPessoaStepdefs.que_o_usuário_informou_o(String)&amp;#27;[0m
    &amp;#27;[36mE &amp;#27;[0m&amp;#27;[36mQue o usuário informou o &amp;#27;[0m&amp;#27;[36m&amp;#27;[1m&quot;Ramos&quot;&amp;#27;[0m&amp;#27;[36m da Pessoa&amp;#27;[0m                                      &amp;#27;[90m# CadastroPessoaStepdefs.que_o_usuário_informou_o_da_Pessoa(String)&amp;#27;[0m
    &amp;#27;[36mQuando &amp;#27;[0m&amp;#27;[36mo &amp;#27;[0m&amp;#27;[36m&amp;#27;[1m&quot;00000000000&quot;&amp;#27;[0m&amp;#27;[36m da Pessoa não existir no cadastro&amp;#27;[0m                          &amp;#27;[90m# CadastroPessoaStepdefs.o_da_Pessoa_não_existir_no_cadastro(String)&amp;#27;[0m
    &amp;#27;[36mE &amp;#27;[0m&amp;#27;[36mque o &amp;#27;[0m&amp;#27;[36m&amp;#27;[1m&quot;00000000000&quot;&amp;#27;[0m&amp;#27;[36m é um CPF &amp;#27;[0m&amp;#27;[36m&amp;#27;[1m&quot;inválido&quot;&amp;#27;[0m                                         &amp;#27;[90m# CadastroPessoaStepdefs.que_o_é_um_CPF(String,String)&amp;#27;[0m
    &amp;#27;[36mEntão &amp;#27;[0m&amp;#27;[36mRealiza o cadastro da Pessoa&amp;#27;[0m                                                &amp;#27;[90m# CadastroPessoaStepdefs.realiza_o_cadastro_da_Pessoa()&amp;#27;[0m
</system-out>
  </testcase>
  <testcase classname="Gerenciamento de dados de Pessoa Física" name="Cadastrar o CPF, primeiro nome e sobrenome de uma Pessoa Física" time="0.002">
    <skipped/>
    <system-out>
  @cadastro-pessoa-fisica @cadastrarNovaPessoa
  Esquema do Cenário: Cadastrar o CPF, primeiro nome e sobrenome de uma Pessoa Física &amp;#27;[90m# br/edmos/cucumber/pessoa-fisica.feature:55&amp;#27;[0m
    &amp;#27;[33mDado &amp;#27;[0m&amp;#27;[33mQue o usuário informou o &amp;#27;[0m&amp;#27;[33m&amp;#27;[1m&quot;05408328716&quot;&amp;#27;[0m                                       &amp;#27;[90m# CadastroPessoaStepdefs.que_o_usuário_informou_o(String)&amp;#27;[0m
      &amp;#27;[33mcucumber.api.PendingException: TODO: implement me
	at br.edmos.cucumber.CadastroPessoaStepdefs.que_o_usuário_informou_o(CadastroPessoaStepdefs.java:17)
	at ?.Que o usuário informou o &quot;05408328716&quot;(classpath:br/edmos/cucumber/pessoa-fisica.feature:46)
&amp;#27;[0m
    &amp;#27;[36mE &amp;#27;[0m&amp;#27;[36mQue o usuário informou o &amp;#27;[0m&amp;#27;[36m&amp;#27;[1m&quot;Eduardo&quot;&amp;#27;[0m                                              &amp;#27;[90m# CadastroPessoaStepdefs.que_o_usuário_informou_o(String)&amp;#27;[0m
    &amp;#27;[36mE &amp;#27;[0m&amp;#27;[36mQue o usuário informou o &amp;#27;[0m&amp;#27;[36m&amp;#27;[1m&quot;Ramos&quot;&amp;#27;[0m&amp;#27;[36m da Pessoa&amp;#27;[0m                                      &amp;#27;[90m# CadastroPessoaStepdefs.que_o_usuário_informou_o_da_Pessoa(String)&amp;#27;[0m
    &amp;#27;[36mQuando &amp;#27;[0m&amp;#27;[36mo &amp;#27;[0m&amp;#27;[36m&amp;#27;[1m&quot;05408328716&quot;&amp;#27;[0m&amp;#27;[36m da Pessoa não existir no cadastro&amp;#27;[0m                          &amp;#27;[90m# CadastroPessoaStepdefs.o_da_Pessoa_não_existir_no_cadastro(String)&amp;#27;[0m
    &amp;#27;[36mE &amp;#27;[0m&amp;#27;[36mque o &amp;#27;[0m&amp;#27;[36m&amp;#27;[1m&quot;05408328716&quot;&amp;#27;[0m&amp;#27;[36m é um CPF &amp;#27;[0m&amp;#27;[36m&amp;#27;[1m&quot;válido&quot;&amp;#27;[0m                                           &amp;#27;[90m# CadastroPessoaStepdefs.que_o_é_um_CPF(String,String)&amp;#27;[0m
    &amp;#27;[36mEntão &amp;#27;[0m&amp;#27;[36mRealiza o cadastro da Pessoa&amp;#27;[0m                                                &amp;#27;[90m# CadastroPessoaStepdefs.realiza_o_cadastro_da_Pessoa()&amp;#27;[0m
</system-out>
  </testcase>
  <testcase classname="Gerenciamento de dados de Pessoa Física" name="EMPTY_NAME" time="0"/>
</testsuite>